This file contains any messages produced by compilers while
running configure, to aid debugging if configure makes a mistake.

It was created by configure, which was
generated by GNU Autoconf 2.68.  Invocation command line was

  $ ../../../../../../../../libgloss/arm/configure --disable-option-checking --prefix=/usr/local --with-multisubdir=thumb/autofp/v7/fpu --with-multisrctop= --with-newlib --enable-multilib --with-cross-host=x86_64-pc-linux-gnu --enable-newlib-io-long-long --enable-newlib-register-fini --enable-newlib-retargetable-locking --disable-newlib-supplied-syscalls --disable-nls --program-transform-name=s&^&arm-none-eabi-& --with-target-subdir=arm-none-eabi --build=x86_64-pc-linux-gnu --host=arm-none-eabi --target=arm-none-eabi build_alias=x86_64-pc-linux-gnu host_alias=arm-none-eabi target_alias=arm-none-eabi CC=arm-none-eabi-gcc -B/mnt/m/tmp/newlib-cygwin/build/arm-none-eabi/thumb/autofp/v7/fpu/newlib/ -isystem /mnt/m/tmp/newlib-cygwin/build/arm-none-eabi/thumb/autofp/v7/fpu/newlib/targ-include -isystem /mnt/m/tmp/newlib-cygwin/newlib/libc/include -B/mnt/m/tmp/newlib-cygwin/build/arm-none-eabi/thumb/autofp/v7/fpu/libgloss/arm -L/mnt/m/tmp/newlib-cygwin/build/arm-none-eabi/thumb/autofp/v7/fpu/libgloss/libnosys -L/mnt/m/tmp/newlib-cygwin/libgloss/arm  -mthumb -mfpu=auto -march=armv7+fp -mfloat-abi=hard CXX=arm-none-eabi-c++ -B/mnt/m/tmp/newlib-cygwin/build/arm-none-eabi/thumb/autofp/v7/fpu/newlib/ -isystem /mnt/m/tmp/newlib-cygwin/build/arm-none-eabi/thumb/autofp/v7/fpu/newlib/targ-include -isystem /mnt/m/tmp/newlib-cygwin/newlib/libc/include -B/mnt/m/tmp/newlib-cygwin/build/arm-none-eabi/thumb/autofp/v7/fpu/libgloss/arm -L/mnt/m/tmp/newlib-cygwin/build/arm-none-eabi/thumb/autofp/v7/fpu/libgloss/libnosys -L/mnt/m/tmp/newlib-cygwin/libgloss/arm  -mthumb -mfpu=auto -march=armv7+fp -mfloat-abi=hard F77= -mthumb -mfpu=auto -march=armv7+fp -mfloat-abi=hard GCJ=arm-none-eabi-gcj -B/mnt/m/tmp/newlib-cygwin/build/arm-none-eabi/thumb/autofp/v7/fpu/newlib/ -isystem /mnt/m/tmp/newlib-cygwin/build/arm-none-eabi/thumb/autofp/v7/fpu/newlib/targ-include -isystem /mnt/m/tmp/newlib-cygwin/newlib/libc/include -B/mnt/m/tmp/newlib-cygwin/build/arm-none-eabi/thumb/autofp/v7/fpu/libgloss/arm -L/mnt/m/tmp/newlib-cygwin/build/arm-none-eabi/thumb/autofp/v7/fpu/libgloss/libnosys -L/mnt/m/tmp/newlib-cygwin/libgloss/arm  -mthumb -mfpu=auto -march=armv7+fp -mfloat-abi=hard GFORTRAN=arm-none-eabi-gfortran -B/mnt/m/tmp/newlib-cygwin/build/arm-none-eabi/thumb/autofp/v7/fpu/newlib/ -isystem /mnt/m/tmp/newlib-cygwin/build/arm-none-eabi/thumb/autofp/v7/fpu/newlib/targ-include -isystem /mnt/m/tmp/newlib-cygwin/newlib/libc/include -B/mnt/m/tmp/newlib-cygwin/build/arm-none-eabi/thumb/autofp/v7/fpu/libgloss/arm -L/mnt/m/tmp/newlib-cygwin/build/arm-none-eabi/thumb/autofp/v7/fpu/libgloss/libnosys -L/mnt/m/tmp/newlib-cygwin/libgloss/arm  -mthumb -mfpu=auto -march=armv7+fp -mfloat-abi=hard GOC=arm-none-eabi-gccgo -B/mnt/m/tmp/newlib-cygwin/build/arm-none-eabi/thumb/autofp/v7/fpu/newlib/ -isystem /mnt/m/tmp/newlib-cygwin/build/arm-none-eabi/thumb/autofp/v7/fpu/newlib/targ-include -isystem /mnt/m/tmp/newlib-cygwin/newlib/libc/include -B/mnt/m/tmp/newlib-cygwin/build/arm-none-eabi/thumb/autofp/v7/fpu/libgloss/arm -L/mnt/m/tmp/newlib-cygwin/build/arm-none-eabi/thumb/autofp/v7/fpu/libgloss/libnosys -L/mnt/m/tmp/newlib-cygwin/libgloss/arm  -mthumb -mfpu=auto -march=armv7+fp -mfloat-abi=hard LD_LIBRARY_PATH= --cache-file=.././config.cache --srcdir=../../../../../../../../libgloss/arm

## --------- ##
## Platform. ##
## --------- ##

hostname = BigBrother
uname -m = x86_64
uname -r = 4.4.0-18362-Microsoft
uname -s = Linux
uname -v = #1-Microsoft Mon Mar 18 12:02:00 PST 2019

/usr/bin/uname -p = unknown
/bin/uname -X     = unknown

/bin/arch              = x86_64
/usr/bin/arch -k       = unknown
/usr/convex/getsysinfo = unknown
/usr/bin/hostinfo      = unknown
/bin/machine           = unknown
/usr/bin/oslevel       = unknown
/bin/universe          = unknown

PATH: /usr/local/sbin
PATH: /usr/local/bin
PATH: /usr/sbin
PATH: /usr/bin
PATH: /sbin
PATH: /bin
PATH: /usr/games
PATH: /usr/local/games
PATH: /mnt/c/Program Files/ImageMagick-7.0.8-Q16
PATH: /mnt/c/Program Files (x86)/Microsoft Visual Studio/Shared/Python37_64/Scripts/
PATH: /mnt/c/Program Files (x86)/Microsoft Visual Studio/Shared/Python37_64/
PATH: /mnt/c/Program Files (x86)/Common Files/Intel/Shared Libraries/redist/intel64/compiler
PATH: /mnt/c/Windows/system32
PATH: /mnt/c/Windows
PATH: /mnt/c/Windows/System32/Wbem
PATH: /mnt/c/Windows/System32/WindowsPowerShell/v1.0/
PATH: /mnt/c/Windows/System32/OpenSSH/
PATH: /mnt/c/Program Files/Intel/WiFi/bin/
PATH: /mnt/c/Program Files/Common Files/Intel/WirelessCommon/
PATH: /mnt/c/Program Files/Microsoft SQL Server/130/Tools/Binn/
PATH: /mnt/c/Program Files/Git/cmd
PATH: /mnt/c/Program Files/NVIDIA Corporation/NVIDIA NvDLISR
PATH: /mnt/c/Program Files/NVIDIA Corporation/NVIDIA NGX
PATH: /mnt/c/Program Files (x86)/NVIDIA Corporation/PhysX/Common
PATH: /mnt/c/Program Files/CMake/bin
PATH: /mnt/c/Strawberry/c/bin
PATH: /mnt/c/Strawberry/perl/site/bin
PATH: /mnt/c/Strawberry/perl/bin
PATH: /mnt/c/Program Files (x86)/Microchip/xc32/v2.30/bin
PATH: /mnt/c/Program Files/qemu
PATH: /mnt/c/Program Files/LLVM/bin
PATH: /mnt/c/Users/Peacock/avr/bin
PATH: /mnt/c/Program Files (x86)/SumatraPDF
PATH: /mnt/c/Program Files/gs/gs9.50/bin
PATH: /mnt/c/ILSpy
PATH: /mnt/c/Program Files/dotnet/
PATH: /mnt/c/Program Files/PuTTY/
PATH: /mnt/c/Program Files (x86)/GNU Tools ARM Embedded/8 2019-q3-update/bin
PATH: /mnt/c/Users/Peacock/AppData/Local/Microsoft/WindowsApps
PATH: /mnt/c/Program Files/Intel/WiFi/bin/
PATH: /mnt/c/Program Files/Common Files/Intel/WirelessCommon/
PATH: /mnt/c/Users/Peacock/bin
PATH: /mnt/c/Users/Peacock/AppData/Local/Programs/MiKTeX 2.9/miktex/bin/x64/
PATH: /mnt/c/Program Files/NASM
PATH: /mnt/c/Program Files/OpenSSL/bin
PATH: /mnt/c/Program Files (x86)/GNU Tools ARM Embedded/8 2019-q3-update/bin
PATH: /opt/cross-compiler/bin


## ----------- ##
## Core tests. ##
## ----------- ##

configure:1664: loading cache .././config.cache
configure:1811: checking build system type
configure:1825: result: x86_64-pc-linux-gnu
configure:1845: checking host system type
configure:1858: result: arm-none-eabi
configure:1878: checking target system type
configure:1891: result: arm-none-eabi
configure:1943: checking for a BSD-compatible install
configure:2011: result: /usr/bin/install -c
configure:2044: checking for style of include used by make
configure:2072: result: GNU
configure:2099: checking for gcc
configure:2126: result: arm-none-eabi-gcc -B/mnt/m/tmp/newlib-cygwin/build/arm-none-eabi/thumb/autofp/v7/fpu/newlib/ -isystem /mnt/m/tmp/newlib-cygwin/build/arm-none-eabi/thumb/autofp/v7/fpu/newlib/targ-include -isystem /mnt/m/tmp/newlib-cygwin/newlib/libc/include -B/mnt/m/tmp/newlib-cygwin/build/arm-none-eabi/thumb/autofp/v7/fpu/libgloss/arm -L/mnt/m/tmp/newlib-cygwin/build/arm-none-eabi/thumb/autofp/v7/fpu/libgloss/libnosys -L/mnt/m/tmp/newlib-cygwin/libgloss/arm  -mthumb -mfpu=auto -march=armv7+fp -mfloat-abi=hard
configure:2137: checking dependency style of arm-none-eabi-gcc -B/mnt/m/tmp/newlib-cygwin/build/arm-none-eabi/thumb/autofp/v7/fpu/newlib/ -isystem /mnt/m/tmp/newlib-cygwin/build/arm-none-eabi/thumb/autofp/v7/fpu/newlib/targ-include -isystem /mnt/m/tmp/newlib-cygwin/newlib/libc/include -B/mnt/m/tmp/newlib-cygwin/build/arm-none-eabi/thumb/autofp/v7/fpu/libgloss/arm -L/mnt/m/tmp/newlib-cygwin/build/arm-none-eabi/thumb/autofp/v7/fpu/libgloss/libnosys -L/mnt/m/tmp/newlib-cygwin/libgloss/arm  -mthumb -mfpu=auto -march=armv7+fp -mfloat-abi=hard
configure:2227: result: gcc3
configure:2302: checking whether we are using GNU C
configure:2323: result: yes
configure:2333: checking whether arm-none-eabi-gcc -B/mnt/m/tmp/newlib-cygwin/build/arm-none-eabi/thumb/autofp/v7/fpu/newlib/ -isystem /mnt/m/tmp/newlib-cygwin/build/arm-none-eabi/thumb/autofp/v7/fpu/newlib/targ-include -isystem /mnt/m/tmp/newlib-cygwin/newlib/libc/include -B/mnt/m/tmp/newlib-cygwin/build/arm-none-eabi/thumb/autofp/v7/fpu/libgloss/arm -L/mnt/m/tmp/newlib-cygwin/build/arm-none-eabi/thumb/autofp/v7/fpu/libgloss/libnosys -L/mnt/m/tmp/newlib-cygwin/libgloss/arm  -mthumb -mfpu=auto -march=armv7+fp -mfloat-abi=hard accepts -g
configure:2394: result: no
configure:2432: checking for arm-none-eabi-ranlib
configure:2459: result: arm-none-eabi-ranlib
configure:2706: creating ./config.status

## ---------------------- ##
## Running config.status. ##
## ---------------------- ##

This file was extended by config.status, which was
generated by GNU Autoconf 2.68.  Invocation command line was

  CONFIG_FILES    = 
  CONFIG_HEADERS  = 
  CONFIG_LINKS    = 
  CONFIG_COMMANDS = 
  $ ./config.status 

on BigBrother

config.status:815: creating cpu-init/Makefile
config.status:815: creating Makefile
config.status:971: executing depfiles commands

## ---------------- ##
## Cache variables. ##
## ---------------- ##

ac_cv_build=x86_64-pc-linux-gnu
ac_cv_c_compiler_gnu=yes
ac_cv_env_CCASFLAGS_set=
ac_cv_env_CCASFLAGS_value=
ac_cv_env_CCAS_set=
ac_cv_env_CCAS_value=
ac_cv_env_build_alias_set=set
ac_cv_env_build_alias_value=x86_64-pc-linux-gnu
ac_cv_env_host_alias_set=set
ac_cv_env_host_alias_value=arm-none-eabi
ac_cv_env_target_alias_set=set
ac_cv_env_target_alias_value=arm-none-eabi
ac_cv_host=arm-none-eabi
ac_cv_prog_AR=arm-none-eabi-ar
ac_cv_prog_AWK=mawk
ac_cv_prog_CC='arm-none-eabi-gcc -B/mnt/m/tmp/newlib-cygwin/build/arm-none-eabi/thumb/autofp/v7/fpu/newlib/ -isystem /mnt/m/tmp/newlib-cygwin/build/arm-none-eabi/thumb/autofp/v7/fpu/newlib/targ-include -isystem /mnt/m/tmp/newlib-cygwin/newlib/libc/include -B/mnt/m/tmp/newlib-cygwin/build/arm-none-eabi/thumb/autofp/v7/fpu/libgloss/arm -L/mnt/m/tmp/newlib-cygwin/build/arm-none-eabi/thumb/autofp/v7/fpu/libgloss/libnosys -L/mnt/m/tmp/newlib-cygwin/libgloss/arm  -mthumb -mfpu=auto -march=armv7+fp -mfloat-abi=hard'
ac_cv_prog_RANLIB=arm-none-eabi-ranlib
ac_cv_prog_STRIP=arm-none-eabi-strip
ac_cv_prog_cc_g=no
ac_cv_prog_make_make_set=yes
ac_cv_target=arm-none-eabi
am_cv_CC_dependencies_compiler_type=gcc3

## ----------------- ##
## Output variables. ##
## ----------------- ##

AMDEPBACKSLASH='\'
AMDEP_FALSE='#'
AMDEP_TRUE=''
AR='arm-none-eabi-ar'
AS='arm-none-eabi-as'
BUILD_CRT0_FALSE='#'
BUILD_CRT0_TRUE=''
CC='arm-none-eabi-gcc -B/mnt/m/tmp/newlib-cygwin/build/arm-none-eabi/thumb/autofp/v7/fpu/newlib/ -isystem /mnt/m/tmp/newlib-cygwin/build/arm-none-eabi/thumb/autofp/v7/fpu/newlib/targ-include -isystem /mnt/m/tmp/newlib-cygwin/newlib/libc/include -B/mnt/m/tmp/newlib-cygwin/build/arm-none-eabi/thumb/autofp/v7/fpu/libgloss/arm -L/mnt/m/tmp/newlib-cygwin/build/arm-none-eabi/thumb/autofp/v7/fpu/libgloss/libnosys -L/mnt/m/tmp/newlib-cygwin/libgloss/arm  -mthumb -mfpu=auto -march=armv7+fp -mfloat-abi=hard'
CCAS='arm-none-eabi-gcc -B/mnt/m/tmp/newlib-cygwin/build/arm-none-eabi/thumb/autofp/v7/fpu/newlib/ -isystem /mnt/m/tmp/newlib-cygwin/build/arm-none-eabi/thumb/autofp/v7/fpu/newlib/targ-include -isystem /mnt/m/tmp/newlib-cygwin/newlib/libc/include -B/mnt/m/tmp/newlib-cygwin/build/arm-none-eabi/thumb/autofp/v7/fpu/libgloss/arm -L/mnt/m/tmp/newlib-cygwin/build/arm-none-eabi/thumb/autofp/v7/fpu/libgloss/libnosys -L/mnt/m/tmp/newlib-cygwin/libgloss/arm  -mthumb -mfpu=auto -march=armv7+fp -mfloat-abi=hard'
CCASFLAGS=''
CCDEPMODE='depmode=gcc3'
DEFS='-DPACKAGE_NAME=\"\" -DPACKAGE_TARNAME=\"\" -DPACKAGE_VERSION=\"\" -DPACKAGE_STRING=\"\" -DPACKAGE_BUGREPORT=\"\" -DPACKAGE_URL=\"\"'
DEPDIR='.deps'
ECHO_C=''
ECHO_N='-n'
ECHO_T=''
INSTALL_DATA='/usr/bin/install -c -m 644'
INSTALL_PROGRAM='/usr/bin/install -c'
INSTALL_SCRIPT='/usr/bin/install -c'
LD='arm-none-eabi-ld'
LIBOBJS=''
LIBS=''
LTLIBOBJS=''
PACKAGE_BUGREPORT=''
PACKAGE_NAME=''
PACKAGE_STRING=''
PACKAGE_TARNAME=''
PACKAGE_URL=''
PACKAGE_VERSION=''
PATH_SEPARATOR=':'
RANLIB='arm-none-eabi-ranlib'
SHELL='/bin/bash'
am__fastdepCC_FALSE='#'
am__fastdepCC_TRUE=''
am__include='include'
am__leading_dot='.'
am__quote=''
bindir='${exec_prefix}/bin'
build='x86_64-pc-linux-gnu'
build_alias='x86_64-pc-linux-gnu'
build_cpu='x86_64'
build_os='linux-gnu'
build_vendor='pc'
datadir='${datarootdir}'
datarootdir='${prefix}/share'
docdir='${datarootdir}/doc/${PACKAGE}'
dvidir='${docdir}'
exec_prefix='${prefix}'
host='arm-none-eabi'
host_alias='arm-none-eabi'
host_cpu='arm'
host_makefile_frag_path='/mnt/m/tmp/newlib-cygwin/libgloss/config/default.mh'
host_os='eabi'
host_vendor='none'
htmldir='${docdir}'
includedir='${prefix}/include'
infodir='${datarootdir}/info'
libdir='${exec_prefix}/lib'
libexecdir='${exec_prefix}/libexec'
localedir='${datarootdir}/locale'
localstatedir='${prefix}/var'
mandir='${datarootdir}/man'
objtype='elf-'
oldincludedir='/usr/include'
pdfdir='${docdir}'
prefix='/usr/local'
program_transform_name='s&^&arm-none-eabi-&'
psdir='${docdir}'
sbindir='${exec_prefix}/sbin'
sharedstatedir='${prefix}/com'
subdirs=' cpu-init'
sysconfdir='${prefix}/etc'
target='arm-none-eabi'
target_alias='arm-none-eabi'
target_cpu='arm'
target_os='eabi'
target_vendor='none'

## ------------------- ##
## File substitutions. ##
## ------------------- ##

host_makefile_frag='/mnt/m/tmp/newlib-cygwin/libgloss/config/default.mh'

## ----------- ##
## confdefs.h. ##
## ----------- ##

/* confdefs.h */
#define PACKAGE_NAME ""
#define PACKAGE_TARNAME ""
#define PACKAGE_VERSION ""
#define PACKAGE_STRING ""
#define PACKAGE_BUGREPORT ""
#define PACKAGE_URL ""

configure: exit 0
