This file contains any messages produced by compilers while
running configure, to aid debugging if configure makes a mistake.

It was created by newlib configure 3.1.0, which was
generated by GNU Autoconf 2.68.  Invocation command line was

  $ ../../../../../../../../../../newlib/libc/sys/arm/configure --disable-option-checking --prefix=/usr/local --with-multisubdir=arm/autofp/v5te/fpu --with-multisrctop= --with-newlib --enable-multilib --with-cross-host=x86_64-pc-linux-gnu --enable-newlib-io-long-long --enable-newlib-register-fini --enable-newlib-retargetable-locking --disable-newlib-supplied-syscalls --disable-nls --program-transform-name=s&^&arm-none-eabi-& --with-target-subdir=arm-none-eabi --build=x86_64-pc-linux-gnu --host=arm-none-eabi --target=arm-none-eabi build_alias=x86_64-pc-linux-gnu host_alias=arm-none-eabi target_alias=arm-none-eabi CC=arm-none-eabi-gcc -B/mnt/m/tmp/newlib-cygwin/build/arm-none-eabi/newlib/ -isystem /mnt/m/tmp/newlib-cygwin/build/arm-none-eabi/newlib/targ-include -isystem /mnt/m/tmp/newlib-cygwin/newlib/libc/include -B/mnt/m/tmp/newlib-cygwin/build/arm-none-eabi/libgloss/arm -L/mnt/m/tmp/newlib-cygwin/build/arm-none-eabi/libgloss/libnosys -L/mnt/m/tmp/newlib-cygwin/libgloss/arm    CFLAGS=-g -O2 LDFLAGS= CPPFLAGS= CC=arm-none-eabi-gcc -B/mnt/m/tmp/newlib-cygwin/build/arm-none-eabi/arm/autofp/v5te/fpu/newlib/ -isystem /mnt/m/tmp/newlib-cygwin/build/arm-none-eabi/arm/autofp/v5te/fpu/newlib/targ-include -isystem /mnt/m/tmp/newlib-cygwin/newlib/libc/include -B/mnt/m/tmp/newlib-cygwin/build/arm-none-eabi/arm/autofp/v5te/fpu/libgloss/arm -L/mnt/m/tmp/newlib-cygwin/build/arm-none-eabi/arm/autofp/v5te/fpu/libgloss/libnosys -L/mnt/m/tmp/newlib-cygwin/libgloss/arm  -marm -mfpu=auto -march=armv5te+fp -mfloat-abi=hard CXX=arm-none-eabi-c++ -B/mnt/m/tmp/newlib-cygwin/build/arm-none-eabi/arm/autofp/v5te/fpu/newlib/ -isystem /mnt/m/tmp/newlib-cygwin/build/arm-none-eabi/arm/autofp/v5te/fpu/newlib/targ-include -isystem /mnt/m/tmp/newlib-cygwin/newlib/libc/include -B/mnt/m/tmp/newlib-cygwin/build/arm-none-eabi/arm/autofp/v5te/fpu/libgloss/arm -L/mnt/m/tmp/newlib-cygwin/build/arm-none-eabi/arm/autofp/v5te/fpu/libgloss/libnosys -L/mnt/m/tmp/newlib-cygwin/libgloss/arm  -marm -mfpu=auto -march=armv5te+fp -mfloat-abi=hard F77= -marm -mfpu=auto -march=armv5te+fp -mfloat-abi=hard GCJ=arm-none-eabi-gcj -B/mnt/m/tmp/newlib-cygwin/build/arm-none-eabi/arm/autofp/v5te/fpu/newlib/ -isystem /mnt/m/tmp/newlib-cygwin/build/arm-none-eabi/arm/autofp/v5te/fpu/newlib/targ-include -isystem /mnt/m/tmp/newlib-cygwin/newlib/libc/include -B/mnt/m/tmp/newlib-cygwin/build/arm-none-eabi/arm/autofp/v5te/fpu/libgloss/arm -L/mnt/m/tmp/newlib-cygwin/build/arm-none-eabi/arm/autofp/v5te/fpu/libgloss/libnosys -L/mnt/m/tmp/newlib-cygwin/libgloss/arm  -marm -mfpu=auto -march=armv5te+fp -mfloat-abi=hard GFORTRAN=arm-none-eabi-gfortran -B/mnt/m/tmp/newlib-cygwin/build/arm-none-eabi/arm/autofp/v5te/fpu/newlib/ -isystem /mnt/m/tmp/newlib-cygwin/build/arm-none-eabi/arm/autofp/v5te/fpu/newlib/targ-include -isystem /mnt/m/tmp/newlib-cygwin/newlib/libc/include -B/mnt/m/tmp/newlib-cygwin/build/arm-none-eabi/arm/autofp/v5te/fpu/libgloss/arm -L/mnt/m/tmp/newlib-cygwin/build/arm-none-eabi/arm/autofp/v5te/fpu/libgloss/libnosys -L/mnt/m/tmp/newlib-cygwin/libgloss/arm  -marm -mfpu=auto -march=armv5te+fp -mfloat-abi=hard GOC=arm-none-eabi-gccgo -B/mnt/m/tmp/newlib-cygwin/build/arm-none-eabi/arm/autofp/v5te/fpu/newlib/ -isystem /mnt/m/tmp/newlib-cygwin/build/arm-none-eabi/arm/autofp/v5te/fpu/newlib/targ-include -isystem /mnt/m/tmp/newlib-cygwin/newlib/libc/include -B/mnt/m/tmp/newlib-cygwin/build/arm-none-eabi/arm/autofp/v5te/fpu/libgloss/arm -L/mnt/m/tmp/newlib-cygwin/build/arm-none-eabi/arm/autofp/v5te/fpu/libgloss/libnosys -L/mnt/m/tmp/newlib-cygwin/libgloss/arm  -marm -mfpu=auto -march=armv5te+fp -mfloat-abi=hard LD_LIBRARY_PATH= --cache-file=../../.././config.cache --srcdir=../../../../../../../../../../newlib/libc/sys/arm

## --------- ##
## Platform. ##
## --------- ##

hostname = BigBrother
uname -m = x86_64
uname -r = 4.4.0-18362-Microsoft
uname -s = Linux
uname -v = #1-Microsoft Mon Mar 18 12:02:00 PST 2019

/usr/bin/uname -p = unknown
/bin/uname -X     = unknown

/bin/arch              = x86_64
/usr/bin/arch -k       = unknown
/usr/convex/getsysinfo = unknown
/usr/bin/hostinfo      = unknown
/bin/machine           = unknown
/usr/bin/oslevel       = unknown
/bin/universe          = unknown

PATH: /usr/local/sbin
PATH: /usr/local/bin
PATH: /usr/sbin
PATH: /usr/bin
PATH: /sbin
PATH: /bin
PATH: /usr/games
PATH: /usr/local/games
PATH: /mnt/c/Program Files/ImageMagick-7.0.8-Q16
PATH: /mnt/c/Program Files (x86)/Microsoft Visual Studio/Shared/Python37_64/Scripts/
PATH: /mnt/c/Program Files (x86)/Microsoft Visual Studio/Shared/Python37_64/
PATH: /mnt/c/Program Files (x86)/Common Files/Intel/Shared Libraries/redist/intel64/compiler
PATH: /mnt/c/Windows/system32
PATH: /mnt/c/Windows
PATH: /mnt/c/Windows/System32/Wbem
PATH: /mnt/c/Windows/System32/WindowsPowerShell/v1.0/
PATH: /mnt/c/Windows/System32/OpenSSH/
PATH: /mnt/c/Program Files/Intel/WiFi/bin/
PATH: /mnt/c/Program Files/Common Files/Intel/WirelessCommon/
PATH: /mnt/c/Program Files/Microsoft SQL Server/130/Tools/Binn/
PATH: /mnt/c/Program Files/Git/cmd
PATH: /mnt/c/Program Files/NVIDIA Corporation/NVIDIA NvDLISR
PATH: /mnt/c/Program Files/NVIDIA Corporation/NVIDIA NGX
PATH: /mnt/c/Program Files (x86)/NVIDIA Corporation/PhysX/Common
PATH: /mnt/c/Program Files/CMake/bin
PATH: /mnt/c/Strawberry/c/bin
PATH: /mnt/c/Strawberry/perl/site/bin
PATH: /mnt/c/Strawberry/perl/bin
PATH: /mnt/c/Program Files (x86)/Microchip/xc32/v2.30/bin
PATH: /mnt/c/Program Files/qemu
PATH: /mnt/c/Program Files/LLVM/bin
PATH: /mnt/c/Users/Peacock/avr/bin
PATH: /mnt/c/Program Files (x86)/SumatraPDF
PATH: /mnt/c/Program Files/gs/gs9.50/bin
PATH: /mnt/c/ILSpy
PATH: /mnt/c/Program Files/dotnet/
PATH: /mnt/c/Program Files/PuTTY/
PATH: /mnt/c/Program Files (x86)/GNU Tools ARM Embedded/8 2019-q3-update/bin
PATH: /mnt/c/Users/Peacock/AppData/Local/Microsoft/WindowsApps
PATH: /mnt/c/Program Files/Intel/WiFi/bin/
PATH: /mnt/c/Program Files/Common Files/Intel/WirelessCommon/
PATH: /mnt/c/Users/Peacock/bin
PATH: /mnt/c/Users/Peacock/AppData/Local/Programs/MiKTeX 2.9/miktex/bin/x64/
PATH: /mnt/c/Program Files/NASM
PATH: /mnt/c/Program Files/OpenSSL/bin
PATH: /mnt/c/Program Files (x86)/GNU Tools ARM Embedded/8 2019-q3-update/bin
PATH: /opt/cross-compiler/bin


## ----------- ##
## Core tests. ##
## ----------- ##

configure:1723: loading cache ../../.././config.cache
configure:1841: checking build system type
configure:1855: result: x86_64-pc-linux-gnu
configure:1875: checking host system type
configure:1888: result: arm-none-eabi
configure:1924: checking for a BSD-compatible install
configure:1992: result: /usr/bin/install -c
configure:2003: checking whether build environment is sane
configure:2053: result: yes
configure:2102: checking for arm-none-eabi-strip
configure:2129: result: arm-none-eabi-strip
configure:2194: checking for a thread-safe mkdir -p
configure:2233: result: /usr/bin/mkdir -p
configure:2246: checking for gawk
configure:2273: result: mawk
configure:2284: checking whether make sets $(MAKE)
configure:2306: result: yes
configure:2336: checking for style of include used by make
configure:2364: result: GNU
configure:2586: checking for gcc
configure:2613: result: arm-none-eabi-gcc -B/mnt/m/tmp/newlib-cygwin/build/arm-none-eabi/arm/autofp/v5te/fpu/newlib/ -isystem /mnt/m/tmp/newlib-cygwin/build/arm-none-eabi/arm/autofp/v5te/fpu/newlib/targ-include -isystem /mnt/m/tmp/newlib-cygwin/newlib/libc/include -B/mnt/m/tmp/newlib-cygwin/build/arm-none-eabi/arm/autofp/v5te/fpu/libgloss/arm -L/mnt/m/tmp/newlib-cygwin/build/arm-none-eabi/arm/autofp/v5te/fpu/libgloss/libnosys -L/mnt/m/tmp/newlib-cygwin/libgloss/arm  -marm -mfpu=auto -march=armv5te+fp -mfloat-abi=hard
configure:2624: checking dependency style of arm-none-eabi-gcc -B/mnt/m/tmp/newlib-cygwin/build/arm-none-eabi/arm/autofp/v5te/fpu/newlib/ -isystem /mnt/m/tmp/newlib-cygwin/build/arm-none-eabi/arm/autofp/v5te/fpu/newlib/targ-include -isystem /mnt/m/tmp/newlib-cygwin/newlib/libc/include -B/mnt/m/tmp/newlib-cygwin/build/arm-none-eabi/arm/autofp/v5te/fpu/libgloss/arm -L/mnt/m/tmp/newlib-cygwin/build/arm-none-eabi/arm/autofp/v5te/fpu/libgloss/libnosys -L/mnt/m/tmp/newlib-cygwin/libgloss/arm  -marm -mfpu=auto -march=armv5te+fp -mfloat-abi=hard
configure:2735: result: gcc3
configure:2808: checking whether we are using GNU C
configure:2829: result: yes
configure:2838: checking whether arm-none-eabi-gcc -B/mnt/m/tmp/newlib-cygwin/build/arm-none-eabi/arm/autofp/v5te/fpu/newlib/ -isystem /mnt/m/tmp/newlib-cygwin/build/arm-none-eabi/arm/autofp/v5te/fpu/newlib/targ-include -isystem /mnt/m/tmp/newlib-cygwin/newlib/libc/include -B/mnt/m/tmp/newlib-cygwin/build/arm-none-eabi/arm/autofp/v5te/fpu/libgloss/arm -L/mnt/m/tmp/newlib-cygwin/build/arm-none-eabi/arm/autofp/v5te/fpu/libgloss/libnosys -L/mnt/m/tmp/newlib-cygwin/libgloss/arm  -marm -mfpu=auto -march=armv5te+fp -mfloat-abi=hard accepts -g
configure:2899: result: no
configure:2932: checking for arm-none-eabi-as
configure:2959: result: arm-none-eabi-as
configure:3024: checking for arm-none-eabi-ar
configure:3051: result: arm-none-eabi-ar
configure:3116: checking for arm-none-eabi-ranlib
configure:3143: result: arm-none-eabi-ranlib
configure:3208: checking for arm-none-eabi-readelf
configure:3235: result: arm-none-eabi-readelf
configure:3304: checking whether to enable maintainer-specific portions of Makefiles
configure:3313: result: no
configure:3612: creating ./config.status

## ---------------------- ##
## Running config.status. ##
## ---------------------- ##

This file was extended by newlib config.status 3.1.0, which was
generated by GNU Autoconf 2.68.  Invocation command line was

  CONFIG_FILES    = 
  CONFIG_HEADERS  = 
  CONFIG_LINKS    = 
  CONFIG_COMMANDS = 
  $ ./config.status 

on BigBrother

config.status:816: creating Makefile
config.status:973: executing depfiles commands

## ---------------- ##
## Cache variables. ##
## ---------------- ##

ac_cv_build=x86_64-pc-linux-gnu
ac_cv_c_compiler_gnu=yes
ac_cv_env_CCASFLAGS_set=
ac_cv_env_CCASFLAGS_value=
ac_cv_env_CCAS_set=
ac_cv_env_CCAS_value=
ac_cv_env_CC_set=set
ac_cv_env_CC_value='arm-none-eabi-gcc -B/mnt/m/tmp/newlib-cygwin/build/arm-none-eabi/arm/autofp/v5te/fpu/newlib/ -isystem /mnt/m/tmp/newlib-cygwin/build/arm-none-eabi/arm/autofp/v5te/fpu/newlib/targ-include -isystem /mnt/m/tmp/newlib-cygwin/newlib/libc/include -B/mnt/m/tmp/newlib-cygwin/build/arm-none-eabi/arm/autofp/v5te/fpu/libgloss/arm -L/mnt/m/tmp/newlib-cygwin/build/arm-none-eabi/arm/autofp/v5te/fpu/libgloss/libnosys -L/mnt/m/tmp/newlib-cygwin/libgloss/arm  -marm -mfpu=auto -march=armv5te+fp -mfloat-abi=hard'
ac_cv_env_CFLAGS_set=set
ac_cv_env_CFLAGS_value='-g -O2'
ac_cv_env_CPPFLAGS_set=set
ac_cv_env_CPPFLAGS_value=
ac_cv_env_CPP_set=
ac_cv_env_CPP_value=
ac_cv_env_LDFLAGS_set=set
ac_cv_env_LDFLAGS_value=
ac_cv_env_LIBS_set=
ac_cv_env_LIBS_value=
ac_cv_env_build_alias_set=set
ac_cv_env_build_alias_value=x86_64-pc-linux-gnu
ac_cv_env_host_alias_set=set
ac_cv_env_host_alias_value=arm-none-eabi
ac_cv_env_target_alias_set=set
ac_cv_env_target_alias_value=arm-none-eabi
ac_cv_host=arm-none-eabi
ac_cv_path_SED=/usr/bin/sed
ac_cv_path_mkdir=/usr/bin/mkdir
ac_cv_prog_AR=arm-none-eabi-ar
ac_cv_prog_AS=arm-none-eabi-as
ac_cv_prog_AWK=mawk
ac_cv_prog_CC='arm-none-eabi-gcc -B/mnt/m/tmp/newlib-cygwin/build/arm-none-eabi/arm/autofp/v5te/fpu/newlib/ -isystem /mnt/m/tmp/newlib-cygwin/build/arm-none-eabi/arm/autofp/v5te/fpu/newlib/targ-include -isystem /mnt/m/tmp/newlib-cygwin/newlib/libc/include -B/mnt/m/tmp/newlib-cygwin/build/arm-none-eabi/arm/autofp/v5te/fpu/libgloss/arm -L/mnt/m/tmp/newlib-cygwin/build/arm-none-eabi/arm/autofp/v5te/fpu/libgloss/libnosys -L/mnt/m/tmp/newlib-cygwin/libgloss/arm  -marm -mfpu=auto -march=armv5te+fp -mfloat-abi=hard'
ac_cv_prog_RANLIB=arm-none-eabi-ranlib
ac_cv_prog_READELF=arm-none-eabi-readelf
ac_cv_prog_STRIP=arm-none-eabi-strip
ac_cv_prog_cc_g=no
ac_cv_prog_make_make_set=yes
acnewlib_cv_type_long_double=yes
am_cv_CC_dependencies_compiler_type=gcc3
libc_cv_cc_loop_to_function=yes
libc_cv_initfinit_array=yes
newlib_cv_ldbl_eq_dbl=yes

## ----------------- ##
## Output variables. ##
## ----------------- ##

ACLOCAL='${SHELL} /mnt/m/tmp/newlib-cygwin/missing --run aclocal-1.11'
AMDEPBACKSLASH='\'
AMDEP_FALSE='#'
AMDEP_TRUE=''
AMTAR='$${TAR-tar}'
AR='arm-none-eabi-ar'
AS='arm-none-eabi-as'
AUTOCONF='${SHELL} /mnt/m/tmp/newlib-cygwin/missing --run autoconf'
AUTOHEADER='${SHELL} /mnt/m/tmp/newlib-cygwin/missing --run autoheader'
AUTOMAKE='${SHELL} /mnt/m/tmp/newlib-cygwin/missing --run automake-1.11'
AWK='mawk'
CC='arm-none-eabi-gcc -B/mnt/m/tmp/newlib-cygwin/build/arm-none-eabi/arm/autofp/v5te/fpu/newlib/ -isystem /mnt/m/tmp/newlib-cygwin/build/arm-none-eabi/arm/autofp/v5te/fpu/newlib/targ-include -isystem /mnt/m/tmp/newlib-cygwin/newlib/libc/include -B/mnt/m/tmp/newlib-cygwin/build/arm-none-eabi/arm/autofp/v5te/fpu/libgloss/arm -L/mnt/m/tmp/newlib-cygwin/build/arm-none-eabi/arm/autofp/v5te/fpu/libgloss/libnosys -L/mnt/m/tmp/newlib-cygwin/libgloss/arm  -marm -mfpu=auto -march=armv5te+fp -mfloat-abi=hard'
CCAS='arm-none-eabi-gcc -B/mnt/m/tmp/newlib-cygwin/build/arm-none-eabi/arm/autofp/v5te/fpu/newlib/ -isystem /mnt/m/tmp/newlib-cygwin/build/arm-none-eabi/arm/autofp/v5te/fpu/newlib/targ-include -isystem /mnt/m/tmp/newlib-cygwin/newlib/libc/include -B/mnt/m/tmp/newlib-cygwin/build/arm-none-eabi/arm/autofp/v5te/fpu/libgloss/arm -L/mnt/m/tmp/newlib-cygwin/build/arm-none-eabi/arm/autofp/v5te/fpu/libgloss/libnosys -L/mnt/m/tmp/newlib-cygwin/libgloss/arm  -marm -mfpu=auto -march=armv5te+fp -mfloat-abi=hard'
CCASFLAGS='-g -O2'
CCDEPMODE='depmode=gcc3'
CYGPATH_W='echo'
DEFS='-DPACKAGE_NAME=\"newlib\" -DPACKAGE_TARNAME=\"newlib\" -DPACKAGE_VERSION=\"3.1.0\" -DPACKAGE_STRING=\"newlib\ 3.1.0\" -DPACKAGE_BUGREPORT=\"\" -DPACKAGE_URL=\"\"'
DEPDIR='.deps'
ECHO_C=''
ECHO_N='-n'
ECHO_T=''
ELIX_LEVEL_0_FALSE='#'
ELIX_LEVEL_0_TRUE=''
ELIX_LEVEL_1_FALSE=''
ELIX_LEVEL_1_TRUE='#'
ELIX_LEVEL_2_FALSE=''
ELIX_LEVEL_2_TRUE='#'
ELIX_LEVEL_3_FALSE=''
ELIX_LEVEL_3_TRUE='#'
ELIX_LEVEL_4_FALSE=''
ELIX_LEVEL_4_TRUE='#'
INSTALL_DATA='/usr/bin/install -c -m 644'
INSTALL_PROGRAM='/usr/bin/install -c'
INSTALL_SCRIPT='/usr/bin/install -c'
INSTALL_STRIP_PROGRAM='$(install_sh) -c -s'
LDFLAGS=''
LIBOBJS=''
LIBS=''
LTLIBOBJS=''
MAINT='#'
MAINTAINER_MODE_FALSE=''
MAINTAINER_MODE_TRUE='#'
MAKEINFO='/mnt/m/tmp/newlib-cygwin/missing makeinfo --split-size=5000000'
MAY_SUPPLY_SYSCALLS_FALSE=''
MAY_SUPPLY_SYSCALLS_TRUE='#'
MKDIR_P='/usr/bin/mkdir -p'
NEWLIB_CFLAGS=' -fno-builtin -D__NO_SYSCALLS__ -D_COMPILING_NEWLIB -DHAVE_INIT_FINI'
NO_INCLUDE_LIST=' rpc/types.h rpc/xdr.h'
OBJEXT='o'
PACKAGE='newlib'
PACKAGE_BUGREPORT=''
PACKAGE_NAME='newlib'
PACKAGE_STRING='newlib 3.1.0'
PACKAGE_TARNAME='newlib'
PACKAGE_URL=''
PACKAGE_VERSION='3.1.0'
PATH_SEPARATOR=':'
RANLIB='arm-none-eabi-ranlib'
READELF='arm-none-eabi-readelf'
SET_MAKE=''
SHELL='/bin/bash'
STRIP='arm-none-eabi-strip'
USE_LIBTOOL_FALSE=''
USE_LIBTOOL_TRUE='#'
VERSION='3.1.0'
aext='a'
am__fastdepCC_FALSE='#'
am__fastdepCC_TRUE=''
am__include='include'
am__isrc=' -I$(srcdir)'
am__leading_dot='.'
am__nodep='_no'
am__quote=''
am__tar='$${TAR-tar} chof - "$$tardir"'
am__untar='$${TAR-tar} xf -'
bindir='${exec_prefix}/bin'
build='x86_64-pc-linux-gnu'
build_alias='x86_64-pc-linux-gnu'
build_cpu='x86_64'
build_os='linux-gnu'
build_vendor='pc'
datadir='${datarootdir}'
datarootdir='${prefix}/share'
docdir='${datarootdir}/doc/${PACKAGE_TARNAME}'
dvidir='${docdir}'
exec_prefix='${prefix}'
host='arm-none-eabi'
host_alias='arm-none-eabi'
host_cpu='arm'
host_os='eabi'
host_vendor='none'
htmldir='${docdir}'
includedir='${prefix}/include'
infodir='${datarootdir}/info'
install_sh='${SHELL} /mnt/m/tmp/newlib-cygwin/install-sh'
libdir='${exec_prefix}/lib'
libexecdir='${exec_prefix}/libexec'
libm_machine_dir='arm'
localedir='${datarootdir}/locale'
localstatedir='${prefix}/var'
lpfx='lib_a-'
machine_dir='arm'
mandir='${datarootdir}/man'
mkdir_p='/usr/bin/mkdir -p'
newlib_basedir='../../../../../../../../../../newlib/libc/sys/arm/../../..'
oext='o'
oldincludedir='/usr/include'
pdfdir='${docdir}'
prefix='/usr/local'
program_transform_name='s&^&arm-none-eabi-&'
psdir='${docdir}'
sbindir='${exec_prefix}/sbin'
sharedstatedir='${prefix}/com'
sys_dir='arm'
sysconfdir='${prefix}/etc'
target_alias='arm-none-eabi'

## ----------- ##
## confdefs.h. ##
## ----------- ##

/* confdefs.h */
#define PACKAGE_NAME "newlib"
#define PACKAGE_TARNAME "newlib"
#define PACKAGE_VERSION "3.1.0"
#define PACKAGE_STRING "newlib 3.1.0"
#define PACKAGE_BUGREPORT ""
#define PACKAGE_URL ""

configure: exit 0
